<?xml version="1.0" encoding="UTF-8"?>
<!-- Generated by org.testng.reporters.JUnitXMLReporter -->
<testsuite ignored="0" hostname="BOOK-P0O1IG8UK3" failures="0" tests="8" name="Test" time="5.959" errors="0" timestamp="2023-01-05T00:34:35 EST">
  <testcase classname="testNG.TestNgListenersdemo" name="test1" time="0.014"/>
  <testcase classname="testNG.TestNgListenersdemo" name="test2" time="3.521"/>
  <testcase classname="testNG.TestNgListenersdemo" name="test3" time="0.002"/>
  <testcase classname="testNG.TestNgListenersdemo" name="test4" time="0.002"/>
  <testcase classname="testNG.TestNgListenersdemo2" name="test5" time="2.382"/>
  <testcase classname="testNG.TestNgListenersdemo2" name="test6" time="0.001"/>
  <testcase classname="testNG.TestNgListenersdemo2" name="test7" time="0.001"/>
  <testcase classname="testNG.TestNgListenersdemo2" name="test8" time="0.001"/>
</testsuite> <!-- Test -->
